<?xml version="1.0" encoding="UTF-8"?>
<!-- Generated by org.testng.reporters.JUnitXMLReporter -->
<testsuite ignored="0" hostname="PC" failures="1" tests="1" name="ZugehoerigkeitGroesser_5" time="13.384" errors="0" timestamp="05 Sept. 2021 03:05:16 GMT">
  <testcase classname="com.practice.TestProjektBonusBerechnung.ZugehoerigkeitGroesser_5" name="TestMethod" time="13.354">
    <failure type="java.lang.AssertionError" message="expected [true] but found [false]">
      <![CDATA[java.lang.AssertionError: expected [true] but found [false]
at com.practice.TestProjektBonusBerechnung.ZugehoerigkeitGroesser_5.TestMethod(ZugehoerigkeitGroesser_5.java:45)
... Removed 33 stack frames]]>
    </failure>
  </testcase> <!-- TestMethod -->
</testsuite> <!-- ZugehoerigkeitGroesser_5 -->
