<?xml version="1.0" encoding="UTF-8"?>
<!-- Generated by org.testng.reporters.JUnitXMLReporter -->
<testsuite ignored="0" hostname="PC" failures="0" tests="5" name="Test" time="2.062" errors="0" timestamp="10 Nov. 2021 04:32:05 GMT">
  <testcase classname="com.practice.TestProjektBonusBerechnung.TestBonusberechnung" name="@BeforeTest setUpTest" time="1.983">
    <failure type="org.openqa.selenium.SessionNotCreatedException" message="session not created: This version of ChromeDriver only supports Chrome version 92
Current browser version is 95.0.4638.69 with binary path C:\Program Files\Google\Chrome\Application\chrome.exe
Build info: version: &amp;apos;3.141.59&amp;apos;, revision: &amp;apos;e82be7d358&amp;apos;, time: &amp;apos;2018-11-14T08:17:03&amp;apos;
System info: host: &amp;apos;PC&amp;apos;, ip: &amp;apos;192.168.0.10&amp;apos;, os.name: &amp;apos;Windows 8.1&amp;apos;, os.arch: &amp;apos;amd64&amp;apos;, os.version: &amp;apos;6.3&amp;apos;, java.version: &amp;apos;16.0.1&amp;apos;
Driver info: driver.version: ChromeDriver
remote stacktrace: Backtrace:
	Ordinal0 [0x00AF5843+2512963]
	Ordinal0 [0x00A8EED1+2092753]
	Ordinal0 [0x00991F48+1056584]
	Ordinal0 [0x009B01AA+1180074]
	Ordinal0 [0x009AC0C5+1163461]
	Ordinal0 [0x009A990F+1153295]
	Ordinal0 [0x009D994F+1349967]
	Ordinal0 [0x009D95BA+1349050]
	Ordinal0 [0x009D54BB+1332411]
	Ordinal0 [0x009B1D14+1187092]
	Ordinal0 [0x009B2B79+1190777]
	GetHandleVerifier [0x00C70C56+1501718]
	GetHandleVerifier [0x00D1E97F+2213695]
	GetHandleVerifier [0x00B78C92+485970]
	GetHandleVerifier [0x00B77D59+482073]
	Ordinal0 [0x00A9471D+2115357]
	Ordinal0 [0x00A98678+2131576]
	Ordinal0 [0x00A987B2+2131890]
	Ordinal0 [0x00AA1971+2169201]
	BaseThreadInitThunk [0x77626A14+36]
	RtlInitializeExceptionChain [0x7787A9EF+143]
	RtlInitializeExceptionChain [0x7787A9BA+90]
">
      <![CDATA[org.openqa.selenium.SessionNotCreatedException: session not created: This version of ChromeDriver only supports Chrome version 92
Current browser version is 95.0.4638.69 with binary path C:\Program Files\Google\Chrome\Application\chrome.exe
Build info: version: '3.141.59', revision: 'e82be7d358', time: '2018-11-14T08:17:03'
System info: host: 'PC', ip: '192.168.0.10', os.name: 'Windows 8.1', os.arch: 'amd64', os.version: '6.3', java.version: '16.0.1'
Driver info: driver.version: ChromeDriver
remote stacktrace: Backtrace:
Ordinal0 [0x00AF5843+2512963]
Ordinal0 [0x00A8EED1+2092753]
Ordinal0 [0x00991F48+1056584]
Ordinal0 [0x009B01AA+1180074]
Ordinal0 [0x009AC0C5+1163461]
Ordinal0 [0x009A990F+1153295]
Ordinal0 [0x009D994F+1349967]
Ordinal0 [0x009D95BA+1349050]
Ordinal0 [0x009D54BB+1332411]
Ordinal0 [0x009B1D14+1187092]
Ordinal0 [0x009B2B79+1190777]
GetHandleVerifier [0x00C70C56+1501718]
GetHandleVerifier [0x00D1E97F+2213695]
GetHandleVerifier [0x00B78C92+485970]
GetHandleVerifier [0x00B77D59+482073]
Ordinal0 [0x00A9471D+2115357]
Ordinal0 [0x00A98678+2131576]
Ordinal0 [0x00A987B2+2131890]
Ordinal0 [0x00AA1971+2169201]
BaseThreadInitThunk [0x77626A14+36]
RtlInitializeExceptionChain [0x7787A9EF+143]
RtlInitializeExceptionChain [0x7787A9BA+90]

at org.openqa.selenium.remote.W3CHandshakeResponse.lambda$errorHandler$0(W3CHandshakeResponse.java:62)
at org.openqa.selenium.remote.HandshakeResponse.lambda$getResponseFunction$0(HandshakeResponse.java:30)
at org.openqa.selenium.remote.ProtocolHandshake.lambda$createSession$0(ProtocolHandshake.java:126)
at java.base/java.util.stream.ReferencePipeline$3$1.accept(ReferencePipeline.java:197)
at java.base/java.util.Spliterators$ArraySpliterator.tryAdvance(Spliterators.java:958)
at java.base/java.util.stream.ReferencePipeline.forEachWithCancel(ReferencePipeline.java:129)
at java.base/java.util.stream.AbstractPipeline.copyIntoWithCancel(AbstractPipeline.java:502)
at java.base/java.util.stream.AbstractPipeline.copyInto(AbstractPipeline.java:488)
at java.base/java.util.stream.AbstractPipeline.wrapAndCopyInto(AbstractPipeline.java:474)
at java.base/java.util.stream.FindOps$FindOp.evaluateSequential(FindOps.java:150)
at java.base/java.util.stream.AbstractPipeline.evaluate(AbstractPipeline.java:234)
at java.base/java.util.stream.ReferencePipeline.findFirst(ReferencePipeline.java:647)
at org.openqa.selenium.remote.ProtocolHandshake.createSession(ProtocolHandshake.java:128)
at org.openqa.selenium.remote.ProtocolHandshake.createSession(ProtocolHandshake.java:74)
at org.openqa.selenium.remote.HttpCommandExecutor.execute(HttpCommandExecutor.java:136)
at org.openqa.selenium.remote.service.DriverCommandExecutor.execute(DriverCommandExecutor.java:83)
at org.openqa.selenium.remote.RemoteWebDriver.execute(RemoteWebDriver.java:552)
at org.openqa.selenium.remote.RemoteWebDriver.startSession(RemoteWebDriver.java:213)
at org.openqa.selenium.remote.RemoteWebDriver.<init>(RemoteWebDriver.java:131)
at org.openqa.selenium.chrome.ChromeDriver.<init>(ChromeDriver.java:181)
at org.openqa.selenium.chrome.ChromeDriver.<init>(ChromeDriver.java:168)
at org.openqa.selenium.chrome.ChromeDriver.<init>(ChromeDriver.java:123)
at com.practice.TestProjektBonusBerechnung.TestBonusberechnung.setUpTest(TestBonusberechnung.java:40)
... Removed 33 stack frames]]>
    </failure>
  </testcase> <!-- @BeforeTest setUpTest -->
  <testcase classname="com.practice.TestProjektBonusBerechnung.TestBonusberechnung" name="@AfterTest tearDownTest" time="0.0">
    <skipped/>
  </testcase> <!-- @AfterTest tearDownTest -->
  <testcase classname="com.practice.TestProjektBonusBerechnung.TestBonusberechnung" name="ZugoehrigkeitGrosser10" time="0.0">
    <skipped/>
  </testcase> <!-- ZugoehrigkeitGrosser10 -->
  <testcase classname="com.practice.TestProjektBonusBerechnung.TestBonusberechnung" name="ZugoehrigkeitGrosser15" time="0.0">
    <skipped/>
  </testcase> <!-- ZugoehrigkeitGrosser15 -->
  <testcase classname="com.practice.TestProjektBonusBerechnung.TestBonusberechnung" name="ZugoehrigkeitGrosser20" time="0.0">
    <skipped/>
  </testcase> <!-- ZugoehrigkeitGrosser20 -->
  <testcase classname="com.practice.TestProjektBonusBerechnung.TestBonusberechnung" name="ZugoehrigkeitGrosser5" time="0.0">
    <skipped/>
  </testcase> <!-- ZugoehrigkeitGrosser5 -->
  <testcase classname="com.practice.TestProjektBonusBerechnung.TestBonusberechnung" name="ZugoehrigkeitGrosser8" time="0.0">
    <skipped/>
  </testcase> <!-- ZugoehrigkeitGrosser8 -->
</testsuite> <!-- Test -->
