<?xml version="1.0" encoding="UTF-8"?>
<testsuite xmlns:xsi="http://www.w3.org/2001/XMLSchema-instance" xsi:noNamespaceSchemaLocation="https://maven.apache.org/surefire/maven-surefire-plugin/xsd/surefire-test-report-3.0.xsd" version="3.0" name="TestSuite" time="3.539" tests="7" errors="0" skipped="6" failures="1">
  <properties>
    <property name="java.specification.version" value="16"/>
    <property name="webdriver.chrome.driver" value="C:\chromedriver_win32\chromedriver.exe"/>
    <property name="sun.cpu.isalist" value="amd64"/>
    <property name="sun.jnu.encoding" value="Cp1252"/>
    <property name="java.class.path" value="C:\Users\User\git\TestProjektBonusBerechnung\target\test-classes;C:\Users\User\git\TestProjektBonusBerechnung\target\classes;C:\Users\User\.m2\repository\org\seleniumhq\selenium\selenium-java\3.141.59\selenium-java-3.141.59.jar;C:\Users\User\.m2\repository\org\seleniumhq\selenium\selenium-api\3.141.59\selenium-api-3.141.59.jar;C:\Users\User\.m2\repository\org\seleniumhq\selenium\selenium-chrome-driver\3.141.59\selenium-chrome-driver-3.141.59.jar;C:\Users\User\.m2\repository\org\seleniumhq\selenium\selenium-edge-driver\3.141.59\selenium-edge-driver-3.141.59.jar;C:\Users\User\.m2\repository\org\seleniumhq\selenium\selenium-firefox-driver\3.141.59\selenium-firefox-driver-3.141.59.jar;C:\Users\User\.m2\repository\org\seleniumhq\selenium\selenium-ie-driver\3.141.59\selenium-ie-driver-3.141.59.jar;C:\Users\User\.m2\repository\org\seleniumhq\selenium\selenium-opera-driver\3.141.59\selenium-opera-driver-3.141.59.jar;C:\Users\User\.m2\repository\org\seleniumhq\selenium\selenium-remote-driver\3.141.59\selenium-remote-driver-3.141.59.jar;C:\Users\User\.m2\repository\org\seleniumhq\selenium\selenium-safari-driver\3.141.59\selenium-safari-driver-3.141.59.jar;C:\Users\User\.m2\repository\org\seleniumhq\selenium\selenium-support\3.141.59\selenium-support-3.141.59.jar;C:\Users\User\.m2\repository\net\bytebuddy\byte-buddy\1.8.15\byte-buddy-1.8.15.jar;C:\Users\User\.m2\repository\org\apache\commons\commons-exec\1.3\commons-exec-1.3.jar;C:\Users\User\.m2\repository\com\google\guava\guava\25.0-jre\guava-25.0-jre.jar;C:\Users\User\.m2\repository\com\google\code\findbugs\jsr305\1.3.9\jsr305-1.3.9.jar;C:\Users\User\.m2\repository\org\checkerframework\checker-compat-qual\2.0.0\checker-compat-qual-2.0.0.jar;C:\Users\User\.m2\repository\com\google\errorprone\error_prone_annotations\2.1.3\error_prone_annotations-2.1.3.jar;C:\Users\User\.m2\repository\com\google\j2objc\j2objc-annotations\1.1\j2objc-annotations-1.1.jar;C:\Users\User\.m2\repository\org\codehaus\mojo\animal-sniffer-annotations\1.14\animal-sniffer-annotations-1.14.jar;C:\Users\User\.m2\repository\com\squareup\okhttp3\okhttp\3.11.0\okhttp-3.11.0.jar;C:\Users\User\.m2\repository\com\squareup\okio\okio\1.14.0\okio-1.14.0.jar;C:\Users\User\.m2\repository\org\testng\testng\6.14.3\testng-6.14.3.jar;C:\Users\User\.m2\repository\com\beust\jcommander\1.72\jcommander-1.72.jar;C:\Users\User\.m2\repository\org\apache-extras\beanshell\bsh\2.0b6\bsh-2.0b6.jar;"/>
    <property name="java.vm.vendor" value="Oracle Corporation"/>
    <property name="sun.arch.data.model" value="64"/>
    <property name="user.variant" value=""/>
    <property name="java.vendor.url" value="https://java.oracle.com/"/>
    <property name="user.timezone" value="Europe/Berlin"/>
    <property name="os.name" value="Windows 8.1"/>
    <property name="java.vm.specification.version" value="16"/>
    <property name="sun.java.launcher" value="SUN_STANDARD"/>
    <property name="user.country" value="DE"/>
    <property name="sun.boot.library.path" value="C:\eclipse JEE\plugins\org.eclipse.justj.openjdk.hotspot.jre.full.win32.x86_64_16.0.1.v20210528-1205\jre\bin"/>
    <property name="sun.java.command" value="C:\Users\User\AppData\Local\Temp\surefire3569691395667277294\surefirebooter18338582597644433227.jar C:\Users\User\AppData\Local\Temp\surefire3569691395667277294 2021-11-10T05-32-00_828-jvmRun1 surefire40788348783991212tmp surefire_013600811855647959797tmp"/>
    <property name="jdk.debug" value="release"/>
    <property name="surefire.test.class.path" value="C:\Users\User\git\TestProjektBonusBerechnung\target\test-classes;C:\Users\User\git\TestProjektBonusBerechnung\target\classes;C:\Users\User\.m2\repository\org\seleniumhq\selenium\selenium-java\3.141.59\selenium-java-3.141.59.jar;C:\Users\User\.m2\repository\org\seleniumhq\selenium\selenium-api\3.141.59\selenium-api-3.141.59.jar;C:\Users\User\.m2\repository\org\seleniumhq\selenium\selenium-chrome-driver\3.141.59\selenium-chrome-driver-3.141.59.jar;C:\Users\User\.m2\repository\org\seleniumhq\selenium\selenium-edge-driver\3.141.59\selenium-edge-driver-3.141.59.jar;C:\Users\User\.m2\repository\org\seleniumhq\selenium\selenium-firefox-driver\3.141.59\selenium-firefox-driver-3.141.59.jar;C:\Users\User\.m2\repository\org\seleniumhq\selenium\selenium-ie-driver\3.141.59\selenium-ie-driver-3.141.59.jar;C:\Users\User\.m2\repository\org\seleniumhq\selenium\selenium-opera-driver\3.141.59\selenium-opera-driver-3.141.59.jar;C:\Users\User\.m2\repository\org\seleniumhq\selenium\selenium-remote-driver\3.141.59\selenium-remote-driver-3.141.59.jar;C:\Users\User\.m2\repository\org\seleniumhq\selenium\selenium-safari-driver\3.141.59\selenium-safari-driver-3.141.59.jar;C:\Users\User\.m2\repository\org\seleniumhq\selenium\selenium-support\3.141.59\selenium-support-3.141.59.jar;C:\Users\User\.m2\repository\net\bytebuddy\byte-buddy\1.8.15\byte-buddy-1.8.15.jar;C:\Users\User\.m2\repository\org\apache\commons\commons-exec\1.3\commons-exec-1.3.jar;C:\Users\User\.m2\repository\com\google\guava\guava\25.0-jre\guava-25.0-jre.jar;C:\Users\User\.m2\repository\com\google\code\findbugs\jsr305\1.3.9\jsr305-1.3.9.jar;C:\Users\User\.m2\repository\org\checkerframework\checker-compat-qual\2.0.0\checker-compat-qual-2.0.0.jar;C:\Users\User\.m2\repository\com\google\errorprone\error_prone_annotations\2.1.3\error_prone_annotations-2.1.3.jar;C:\Users\User\.m2\repository\com\google\j2objc\j2objc-annotations\1.1\j2objc-annotations-1.1.jar;C:\Users\User\.m2\repository\org\codehaus\mojo\animal-sniffer-annotations\1.14\animal-sniffer-annotations-1.14.jar;C:\Users\User\.m2\repository\com\squareup\okhttp3\okhttp\3.11.0\okhttp-3.11.0.jar;C:\Users\User\.m2\repository\com\squareup\okio\okio\1.14.0\okio-1.14.0.jar;C:\Users\User\.m2\repository\org\testng\testng\6.14.3\testng-6.14.3.jar;C:\Users\User\.m2\repository\com\beust\jcommander\1.72\jcommander-1.72.jar;C:\Users\User\.m2\repository\org\apache-extras\beanshell\bsh\2.0b6\bsh-2.0b6.jar;"/>
    <property name="sun.cpu.endian" value="little"/>
    <property name="user.home" value="C:\Users\User"/>
    <property name="user.language" value="de"/>
    <property name="java.specification.vendor" value="Oracle Corporation"/>
    <property name="java.version.date" value="2021-04-20"/>
    <property name="java.home" value="C:\eclipse JEE\plugins\org.eclipse.justj.openjdk.hotspot.jre.full.win32.x86_64_16.0.1.v20210528-1205\jre"/>
    <property name="file.separator" value="\"/>
    <property name="basedir" value="C:\Users\User\git\TestProjektBonusBerechnung"/>
    <property name="java.vm.compressedOopsMode" value="32-bit"/>
    <property name="line.separator" value="&#10;"/>
    <property name="java.vm.specification.vendor" value="Oracle Corporation"/>
    <property name="java.specification.name" value="Java Platform API Specification"/>
    <property name="surefire.real.class.path" value="C:\Users\User\AppData\Local\Temp\surefire3569691395667277294\surefirebooter18338582597644433227.jar"/>
    <property name="user.script" value=""/>
    <property name="sun.management.compiler" value="HotSpot 64-Bit Tiered Compilers"/>
    <property name="java.runtime.version" value="16.0.1+9-24"/>
    <property name="user.name" value="User"/>
    <property name="path.separator" value=";"/>
    <property name="os.version" value="6.3"/>
    <property name="java.runtime.name" value="OpenJDK Runtime Environment"/>
    <property name="file.encoding" value="Cp1252"/>
    <property name="java.vm.name" value="OpenJDK 64-Bit Server VM"/>
    <property name="localRepository" value="C:\Users\User\.m2\repository"/>
    <property name="java.vendor.url.bug" value="https://bugreport.java.com/bugreport/"/>
    <property name="java.io.tmpdir" value="C:\Users\User\AppData\Local\Temp\"/>
    <property name="java.version" value="16.0.1"/>
    <property name="user.dir" value="C:\Users\User\git\TestProjektBonusBerechnung"/>
    <property name="os.arch" value="amd64"/>
    <property name="java.vm.specification.name" value="Java Virtual Machine Specification"/>
    <property name="sun.os.patch.level" value=""/>
    <property name="java.library.path" value="C:\eclipse JEE\plugins\org.eclipse.justj.openjdk.hotspot.jre.full.win32.x86_64_16.0.1.v20210528-1205\jre\bin;C:\Windows\Sun\Java\bin;C:\Windows\system32;C:\Windows;C:/eclipse JEE//plugins/org.eclipse.justj.openjdk.hotspot.jre.full.win32.x86_64_16.0.1.v20210528-1205/jre/bin/server;C:/eclipse JEE//plugins/org.eclipse.justj.openjdk.hotspot.jre.full.win32.x86_64_16.0.1.v20210528-1205/jre/bin;C:\Program Files (x86)\Common Files\Oracle\Java\javapath;C:\Program Files (x86)\Intel\iCLS Client\;C:\Program Files\Intel\iCLS Client\;C:\Windows\system32;C:\Windows;C:\Windows\System32\Wbem;C:\Windows\System32\WindowsPowerShell\v1.0\;C:\Program Files (x86)\ATI Technologies\ATI.ACE\Core-Static;C:\Program Files\Intel\WiFi\bin\;C:\Program Files\Common Files\Intel\WirelessCommon\;C:\Program Files\Intel\Intel(R) Management Engine Components\DAL;C:\Program Files\Intel\Intel(R) Management Engine Components\IPT;C:\Program Files (x86)\Intel\Intel(R) Management Engine Components\DAL;C:\Program Files (x86)\Intel\Intel(R) Management Engine Components\IPT;C:\Program Files\Java\jdk-16.0.1\bin;C:\Program Files\Java\jdk-16.0.1\bin;C:\Program Files\Git\cmd;C:\Program Files\apache-maven-3.8.1\bin;C:\Program Files\nodejs\;C:\Program Files\Intel\WiFi\bin\;C:\Program Files\Common Files\Intel\WirelessCommon\;C:\Users\User\AppData\Roaming\npm;C:\eclipse JEE;;."/>
    <property name="java.vm.info" value="mixed mode"/>
    <property name="java.vendor" value="Oracle Corporation"/>
    <property name="java.vm.version" value="16.0.1+9-24"/>
    <property name="sun.io.unicode.encoding" value="UnicodeLittle"/>
    <property name="java.class.version" value="60.0"/>
  </properties>
  <testcase name="setUpTest" classname="com.practice.TestProjektBonusBerechnung.TestBonusberechnung" time="3.159">
    <failure message="session not created: This version of ChromeDriver only supports Chrome version 92&#10;Current browser version is 95.0.4638.69 with binary path C:\Program Files\Google\Chrome\Application\chrome.exe&#10;Build info: version: &apos;3.141.59&apos;, revision: &apos;e82be7d358&apos;, time: &apos;2018-11-14T08:17:03&apos;&#10;System info: host: &apos;PC&apos;, ip: &apos;192.168.0.10&apos;, os.name: &apos;Windows 8.1&apos;, os.arch: &apos;amd64&apos;, os.version: &apos;6.3&apos;, java.version: &apos;16.0.1&apos;&#10;Driver info: driver.version: ChromeDriver&#10;remote stacktrace: Backtrace:&#10;	Ordinal0 [0x00AF5843+2512963]&#10;	Ordinal0 [0x00A8EED1+2092753]&#10;	Ordinal0 [0x00991F48+1056584]&#10;	Ordinal0 [0x009B01AA+1180074]&#10;	Ordinal0 [0x009AC0C5+1163461]&#10;	Ordinal0 [0x009A990F+1153295]&#10;	Ordinal0 [0x009D994F+1349967]&#10;	Ordinal0 [0x009D95BA+1349050]&#10;	Ordinal0 [0x009D54BB+1332411]&#10;	Ordinal0 [0x009B1D14+1187092]&#10;	Ordinal0 [0x009B2B79+1190777]&#10;	GetHandleVerifier [0x00C70C56+1501718]&#10;	GetHandleVerifier [0x00D1E97F+2213695]&#10;	GetHandleVerifier [0x00B78C92+485970]&#10;	GetHandleVerifier [0x00B77D59+482073]&#10;	Ordinal0 [0x00A9471D+2115357]&#10;	Ordinal0 [0x00A98678+2131576]&#10;	Ordinal0 [0x00A987B2+2131890]&#10;	Ordinal0 [0x00AA1971+2169201]&#10;	BaseThreadInitThunk [0x77626A14+36]&#10;	RtlInitializeExceptionChain [0x7787A9EF+143]&#10;	RtlInitializeExceptionChain [0x7787A9BA+90]&#10;" type="org.openqa.selenium.SessionNotCreatedException"><![CDATA[org.openqa.selenium.SessionNotCreatedException: 
session not created: This version of ChromeDriver only supports Chrome version 92
Current browser version is 95.0.4638.69 with binary path C:\Program Files\Google\Chrome\Application\chrome.exe
Build info: version: '3.141.59', revision: 'e82be7d358', time: '2018-11-14T08:17:03'
System info: host: 'PC', ip: '192.168.0.10', os.name: 'Windows 8.1', os.arch: 'amd64', os.version: '6.3', java.version: '16.0.1'
Driver info: driver.version: ChromeDriver
remote stacktrace: Backtrace:
	Ordinal0 [0x00AF5843+2512963]
	Ordinal0 [0x00A8EED1+2092753]
	Ordinal0 [0x00991F48+1056584]
	Ordinal0 [0x009B01AA+1180074]
	Ordinal0 [0x009AC0C5+1163461]
	Ordinal0 [0x009A990F+1153295]
	Ordinal0 [0x009D994F+1349967]
	Ordinal0 [0x009D95BA+1349050]
	Ordinal0 [0x009D54BB+1332411]
	Ordinal0 [0x009B1D14+1187092]
	Ordinal0 [0x009B2B79+1190777]
	GetHandleVerifier [0x00C70C56+1501718]
	GetHandleVerifier [0x00D1E97F+2213695]
	GetHandleVerifier [0x00B78C92+485970]
	GetHandleVerifier [0x00B77D59+482073]
	Ordinal0 [0x00A9471D+2115357]
	Ordinal0 [0x00A98678+2131576]
	Ordinal0 [0x00A987B2+2131890]
	Ordinal0 [0x00AA1971+2169201]
	BaseThreadInitThunk [0x77626A14+36]
	RtlInitializeExceptionChain [0x7787A9EF+143]
	RtlInitializeExceptionChain [0x7787A9BA+90]

	at com.practice.TestProjektBonusBerechnung.TestBonusberechnung.setUpTest(TestBonusberechnung.java:40)
]]></failure>
    <system-out><![CDATA[[TestNGContentHandler] [WARN] It is strongly recommended to add "<!DOCTYPE suite SYSTEM "http://testng.org/testng-1.0.dtd" >" at the top of your file, otherwise TestNG may fail or not work as expected.
]]></system-out>
    <system-err><![CDATA[Starting ChromeDriver 92.0.4515.43 (8c61b7e2989f2990d42f859cac71319137787cce-refs/branch-heads/4515@{#306}) on port 43812
Only local connections are allowed.
Please see https://chromedriver.chromium.org/security-considerations for suggestions on keeping ChromeDriver safe.
ChromeDriver was started successfully.
]]></system-err>
  </testcase>
  <testcase name="ZugoehrigkeitGrosser10" classname="com.practice.TestProjektBonusBerechnung.TestBonusberechnung" time="0">
    <skipped message="session not created: This version of ChromeDriver only supports Chrome version 92&#10;Current browser version is 95.0.4638.69 with binary path C:\Program Files\Google\Chrome\Application\chrome.exe&#10;Build info: version: &apos;3.141.59&apos;, revision: &apos;e82be7d358&apos;, time: &apos;2018-11-14T08:17:03&apos;&#10;System info: host: &apos;PC&apos;, ip: &apos;192.168.0.10&apos;, os.name: &apos;Windows 8.1&apos;, os.arch: &apos;amd64&apos;, os.version: &apos;6.3&apos;, java.version: &apos;16.0.1&apos;&#10;Driver info: driver.version: ChromeDriver&#10;remote stacktrace: Backtrace:&#10;	Ordinal0 [0x00AF5843+2512963]&#10;	Ordinal0 [0x00A8EED1+2092753]&#10;	Ordinal0 [0x00991F48+1056584]&#10;	Ordinal0 [0x009B01AA+1180074]&#10;	Ordinal0 [0x009AC0C5+1163461]&#10;	Ordinal0 [0x009A990F+1153295]&#10;	Ordinal0 [0x009D994F+1349967]&#10;	Ordinal0 [0x009D95BA+1349050]&#10;	Ordinal0 [0x009D54BB+1332411]&#10;	Ordinal0 [0x009B1D14+1187092]&#10;	Ordinal0 [0x009B2B79+1190777]&#10;	GetHandleVerifier [0x00C70C56+1501718]&#10;	GetHandleVerifier [0x00D1E97F+2213695]&#10;	GetHandleVerifier [0x00B78C92+485970]&#10;	GetHandleVerifier [0x00B77D59+482073]&#10;	Ordinal0 [0x00A9471D+2115357]&#10;	Ordinal0 [0x00A98678+2131576]&#10;	Ordinal0 [0x00A987B2+2131890]&#10;	Ordinal0 [0x00AA1971+2169201]&#10;	BaseThreadInitThunk [0x77626A14+36]&#10;	RtlInitializeExceptionChain [0x7787A9EF+143]&#10;	RtlInitializeExceptionChain [0x7787A9BA+90]&#10;"/>
  </testcase>
  <testcase name="ZugoehrigkeitGrosser15" classname="com.practice.TestProjektBonusBerechnung.TestBonusberechnung" time="0">
    <skipped message="session not created: This version of ChromeDriver only supports Chrome version 92&#10;Current browser version is 95.0.4638.69 with binary path C:\Program Files\Google\Chrome\Application\chrome.exe&#10;Build info: version: &apos;3.141.59&apos;, revision: &apos;e82be7d358&apos;, time: &apos;2018-11-14T08:17:03&apos;&#10;System info: host: &apos;PC&apos;, ip: &apos;192.168.0.10&apos;, os.name: &apos;Windows 8.1&apos;, os.arch: &apos;amd64&apos;, os.version: &apos;6.3&apos;, java.version: &apos;16.0.1&apos;&#10;Driver info: driver.version: ChromeDriver&#10;remote stacktrace: Backtrace:&#10;	Ordinal0 [0x00AF5843+2512963]&#10;	Ordinal0 [0x00A8EED1+2092753]&#10;	Ordinal0 [0x00991F48+1056584]&#10;	Ordinal0 [0x009B01AA+1180074]&#10;	Ordinal0 [0x009AC0C5+1163461]&#10;	Ordinal0 [0x009A990F+1153295]&#10;	Ordinal0 [0x009D994F+1349967]&#10;	Ordinal0 [0x009D95BA+1349050]&#10;	Ordinal0 [0x009D54BB+1332411]&#10;	Ordinal0 [0x009B1D14+1187092]&#10;	Ordinal0 [0x009B2B79+1190777]&#10;	GetHandleVerifier [0x00C70C56+1501718]&#10;	GetHandleVerifier [0x00D1E97F+2213695]&#10;	GetHandleVerifier [0x00B78C92+485970]&#10;	GetHandleVerifier [0x00B77D59+482073]&#10;	Ordinal0 [0x00A9471D+2115357]&#10;	Ordinal0 [0x00A98678+2131576]&#10;	Ordinal0 [0x00A987B2+2131890]&#10;	Ordinal0 [0x00AA1971+2169201]&#10;	BaseThreadInitThunk [0x77626A14+36]&#10;	RtlInitializeExceptionChain [0x7787A9EF+143]&#10;	RtlInitializeExceptionChain [0x7787A9BA+90]&#10;"/>
  </testcase>
  <testcase name="ZugoehrigkeitGrosser20" classname="com.practice.TestProjektBonusBerechnung.TestBonusberechnung" time="0">
    <skipped message="session not created: This version of ChromeDriver only supports Chrome version 92&#10;Current browser version is 95.0.4638.69 with binary path C:\Program Files\Google\Chrome\Application\chrome.exe&#10;Build info: version: &apos;3.141.59&apos;, revision: &apos;e82be7d358&apos;, time: &apos;2018-11-14T08:17:03&apos;&#10;System info: host: &apos;PC&apos;, ip: &apos;192.168.0.10&apos;, os.name: &apos;Windows 8.1&apos;, os.arch: &apos;amd64&apos;, os.version: &apos;6.3&apos;, java.version: &apos;16.0.1&apos;&#10;Driver info: driver.version: ChromeDriver&#10;remote stacktrace: Backtrace:&#10;	Ordinal0 [0x00AF5843+2512963]&#10;	Ordinal0 [0x00A8EED1+2092753]&#10;	Ordinal0 [0x00991F48+1056584]&#10;	Ordinal0 [0x009B01AA+1180074]&#10;	Ordinal0 [0x009AC0C5+1163461]&#10;	Ordinal0 [0x009A990F+1153295]&#10;	Ordinal0 [0x009D994F+1349967]&#10;	Ordinal0 [0x009D95BA+1349050]&#10;	Ordinal0 [0x009D54BB+1332411]&#10;	Ordinal0 [0x009B1D14+1187092]&#10;	Ordinal0 [0x009B2B79+1190777]&#10;	GetHandleVerifier [0x00C70C56+1501718]&#10;	GetHandleVerifier [0x00D1E97F+2213695]&#10;	GetHandleVerifier [0x00B78C92+485970]&#10;	GetHandleVerifier [0x00B77D59+482073]&#10;	Ordinal0 [0x00A9471D+2115357]&#10;	Ordinal0 [0x00A98678+2131576]&#10;	Ordinal0 [0x00A987B2+2131890]&#10;	Ordinal0 [0x00AA1971+2169201]&#10;	BaseThreadInitThunk [0x77626A14+36]&#10;	RtlInitializeExceptionChain [0x7787A9EF+143]&#10;	RtlInitializeExceptionChain [0x7787A9BA+90]&#10;"/>
  </testcase>
  <testcase name="ZugoehrigkeitGrosser5" classname="com.practice.TestProjektBonusBerechnung.TestBonusberechnung" time="0">
    <skipped message="session not created: This version of ChromeDriver only supports Chrome version 92&#10;Current browser version is 95.0.4638.69 with binary path C:\Program Files\Google\Chrome\Application\chrome.exe&#10;Build info: version: &apos;3.141.59&apos;, revision: &apos;e82be7d358&apos;, time: &apos;2018-11-14T08:17:03&apos;&#10;System info: host: &apos;PC&apos;, ip: &apos;192.168.0.10&apos;, os.name: &apos;Windows 8.1&apos;, os.arch: &apos;amd64&apos;, os.version: &apos;6.3&apos;, java.version: &apos;16.0.1&apos;&#10;Driver info: driver.version: ChromeDriver&#10;remote stacktrace: Backtrace:&#10;	Ordinal0 [0x00AF5843+2512963]&#10;	Ordinal0 [0x00A8EED1+2092753]&#10;	Ordinal0 [0x00991F48+1056584]&#10;	Ordinal0 [0x009B01AA+1180074]&#10;	Ordinal0 [0x009AC0C5+1163461]&#10;	Ordinal0 [0x009A990F+1153295]&#10;	Ordinal0 [0x009D994F+1349967]&#10;	Ordinal0 [0x009D95BA+1349050]&#10;	Ordinal0 [0x009D54BB+1332411]&#10;	Ordinal0 [0x009B1D14+1187092]&#10;	Ordinal0 [0x009B2B79+1190777]&#10;	GetHandleVerifier [0x00C70C56+1501718]&#10;	GetHandleVerifier [0x00D1E97F+2213695]&#10;	GetHandleVerifier [0x00B78C92+485970]&#10;	GetHandleVerifier [0x00B77D59+482073]&#10;	Ordinal0 [0x00A9471D+2115357]&#10;	Ordinal0 [0x00A98678+2131576]&#10;	Ordinal0 [0x00A987B2+2131890]&#10;	Ordinal0 [0x00AA1971+2169201]&#10;	BaseThreadInitThunk [0x77626A14+36]&#10;	RtlInitializeExceptionChain [0x7787A9EF+143]&#10;	RtlInitializeExceptionChain [0x7787A9BA+90]&#10;"/>
  </testcase>
  <testcase name="ZugoehrigkeitGrosser8" classname="com.practice.TestProjektBonusBerechnung.TestBonusberechnung" time="0">
    <skipped message="session not created: This version of ChromeDriver only supports Chrome version 92&#10;Current browser version is 95.0.4638.69 with binary path C:\Program Files\Google\Chrome\Application\chrome.exe&#10;Build info: version: &apos;3.141.59&apos;, revision: &apos;e82be7d358&apos;, time: &apos;2018-11-14T08:17:03&apos;&#10;System info: host: &apos;PC&apos;, ip: &apos;192.168.0.10&apos;, os.name: &apos;Windows 8.1&apos;, os.arch: &apos;amd64&apos;, os.version: &apos;6.3&apos;, java.version: &apos;16.0.1&apos;&#10;Driver info: driver.version: ChromeDriver&#10;remote stacktrace: Backtrace:&#10;	Ordinal0 [0x00AF5843+2512963]&#10;	Ordinal0 [0x00A8EED1+2092753]&#10;	Ordinal0 [0x00991F48+1056584]&#10;	Ordinal0 [0x009B01AA+1180074]&#10;	Ordinal0 [0x009AC0C5+1163461]&#10;	Ordinal0 [0x009A990F+1153295]&#10;	Ordinal0 [0x009D994F+1349967]&#10;	Ordinal0 [0x009D95BA+1349050]&#10;	Ordinal0 [0x009D54BB+1332411]&#10;	Ordinal0 [0x009B1D14+1187092]&#10;	Ordinal0 [0x009B2B79+1190777]&#10;	GetHandleVerifier [0x00C70C56+1501718]&#10;	GetHandleVerifier [0x00D1E97F+2213695]&#10;	GetHandleVerifier [0x00B78C92+485970]&#10;	GetHandleVerifier [0x00B77D59+482073]&#10;	Ordinal0 [0x00A9471D+2115357]&#10;	Ordinal0 [0x00A98678+2131576]&#10;	Ordinal0 [0x00A987B2+2131890]&#10;	Ordinal0 [0x00AA1971+2169201]&#10;	BaseThreadInitThunk [0x77626A14+36]&#10;	RtlInitializeExceptionChain [0x7787A9EF+143]&#10;	RtlInitializeExceptionChain [0x7787A9BA+90]&#10;"/>
  </testcase>
  <testcase name="tearDownTest" classname="com.practice.TestProjektBonusBerechnung.TestBonusberechnung" time="0">
    <skipped/>
  </testcase>
</testsuite>