<?xml version="1.0" encoding="UTF-8"?>
<!-- Generated by org.testng.reporters.JUnitReportReporter -->
<testsuite hostname="PC" failures="0" tests="6" name="com.practice.TestProjektBonusBerechnung.TestBonusberechnung" time="1.983" errors="1" timestamp="10 Nov. 2021 04:32:05 GMT" skipped="5">
  <testcase classname="com.practice.TestProjektBonusBerechnung.TestBonusberechnung" name="ZugoehrigkeitGrosser8" time="0.000">
    <skipped/>
  </testcase> <!-- ZugoehrigkeitGrosser8 -->
  <testcase classname="com.practice.TestProjektBonusBerechnung.TestBonusberechnung" name="ZugoehrigkeitGrosser5" time="0.000">
    <skipped/>
  </testcase> <!-- ZugoehrigkeitGrosser5 -->
  <testcase classname="com.practice.TestProjektBonusBerechnung.TestBonusberechnung" name="ZugoehrigkeitGrosser10" time="0.000">
    <skipped/>
  </testcase> <!-- ZugoehrigkeitGrosser10 -->
  <testcase classname="com.practice.TestProjektBonusBerechnung.TestBonusberechnung" name="ZugoehrigkeitGrosser20" time="0.000">
    <skipped/>
  </testcase> <!-- ZugoehrigkeitGrosser20 -->
  <testcase classname="com.practice.TestProjektBonusBerechnung.TestBonusberechnung" name="setUpTest" time="1.983">
    <error message="session not created: This version of ChromeDriver only supports Chrome version 92
Current browser version is 95.0.4638.69 with binary path C:\Program Files\Google\Chrome\Application\chrome.exe
Build info: version: &#039;3.141.59&#039;, revision: &#039;e82be7d358&#039;, time: &#039;2018-11-14T08:17:03&#039;
System info: host: &#039;PC&#039;, ip: &#039;192.168.0.10&#039;, os.name: &#039;Windows 8.1&#039;, os.arch: &#039;amd64&#039;, os.version: &#039;6.3&#039;, java.version: &#039;16.0.1&#039;
Driver info: driver.version: ChromeDriver
remote stacktrace: Backtrace:
	Ordinal0 [0x00AF5843+2512963]
	Ordinal0 [0x00A8EED1+2092753]
	Ordinal0 [0x00991F48+1056584]
	Ordinal0 [0x009B01AA+1180074]
	Ordinal0 [0x009AC0C5+1163461]
	Ordinal0 [0x009A990F+1153295]
	Ordinal0 [0x009D994F+1349967]
	Ordinal0 [0x009D95BA+1349050]
	Ordinal0 [0x009D54BB+1332411]
	Ordinal0 [0x009B1D14+1187092]
	Ordinal0 [0x009B2B79+1190777]
	GetHandleVerifier [0x00C70C56+1501718]
	GetHandleVerifier [0x00D1E97F+2213695]
	GetHandleVerifier [0x00B78C92+485970]
	GetHandleVerifier [0x00B77D59+482073]
	Ordinal0 [0x00A9471D+2115357]
	Ordinal0 [0x00A98678+2131576]
	Ordinal0 [0x00A987B2+2131890]
	Ordinal0 [0x00AA1971+2169201]
	BaseThreadInitThunk [0x77626A14+36]
	RtlInitializeExceptionChain [0x7787A9EF+143]
	RtlInitializeExceptionChain [0x7787A9BA+90]
" type="org.openqa.selenium.SessionNotCreatedException">
      <![CDATA[org.openqa.selenium.SessionNotCreatedException: session not created: This version of ChromeDriver only supports Chrome version 92
Current browser version is 95.0.4638.69 with binary path C:\Program Files\Google\Chrome\Application\chrome.exe
Build info: version: '3.141.59', revision: 'e82be7d358', time: '2018-11-14T08:17:03'
System info: host: 'PC', ip: '192.168.0.10', os.name: 'Windows 8.1', os.arch: 'amd64', os.version: '6.3', java.version: '16.0.1'
Driver info: driver.version: ChromeDriver
remote stacktrace: Backtrace:
Ordinal0 [0x00AF5843+2512963]
Ordinal0 [0x00A8EED1+2092753]
Ordinal0 [0x00991F48+1056584]
Ordinal0 [0x009B01AA+1180074]
Ordinal0 [0x009AC0C5+1163461]
Ordinal0 [0x009A990F+1153295]
Ordinal0 [0x009D994F+1349967]
Ordinal0 [0x009D95BA+1349050]
Ordinal0 [0x009D54BB+1332411]
Ordinal0 [0x009B1D14+1187092]
Ordinal0 [0x009B2B79+1190777]
GetHandleVerifier [0x00C70C56+1501718]
GetHandleVerifier [0x00D1E97F+2213695]
GetHandleVerifier [0x00B78C92+485970]
GetHandleVerifier [0x00B77D59+482073]
Ordinal0 [0x00A9471D+2115357]
Ordinal0 [0x00A98678+2131576]
Ordinal0 [0x00A987B2+2131890]
Ordinal0 [0x00AA1971+2169201]
BaseThreadInitThunk [0x77626A14+36]
RtlInitializeExceptionChain [0x7787A9EF+143]
RtlInitializeExceptionChain [0x7787A9BA+90]

at java.base/jdk.internal.reflect.NativeConstructorAccessorImpl.newInstance0(Native Method)
at java.base/jdk.internal.reflect.NativeConstructorAccessorImpl.newInstance(NativeConstructorAccessorImpl.java:78)
at java.base/jdk.internal.reflect.DelegatingConstructorAccessorImpl.newInstance(DelegatingConstructorAccessorImpl.java:45)
at java.base/java.lang.reflect.Constructor.newInstanceWithCaller(Constructor.java:499)
at java.base/java.lang.reflect.Constructor.newInstance(Constructor.java:480)
at org.openqa.selenium.remote.W3CHandshakeResponse.lambda$errorHandler$0(W3CHandshakeResponse.java:62)
at org.openqa.selenium.remote.HandshakeResponse.lambda$getResponseFunction$0(HandshakeResponse.java:30)
at org.openqa.selenium.remote.ProtocolHandshake.lambda$createSession$0(ProtocolHandshake.java:126)
at java.base/java.util.stream.ReferencePipeline$3$1.accept(ReferencePipeline.java:197)
at java.base/java.util.Spliterators$ArraySpliterator.tryAdvance(Spliterators.java:958)
at java.base/java.util.stream.ReferencePipeline.forEachWithCancel(ReferencePipeline.java:129)
at java.base/java.util.stream.AbstractPipeline.copyIntoWithCancel(AbstractPipeline.java:502)
at java.base/java.util.stream.AbstractPipeline.copyInto(AbstractPipeline.java:488)
at java.base/java.util.stream.AbstractPipeline.wrapAndCopyInto(AbstractPipeline.java:474)
at java.base/java.util.stream.FindOps$FindOp.evaluateSequential(FindOps.java:150)
at java.base/java.util.stream.AbstractPipeline.evaluate(AbstractPipeline.java:234)
at java.base/java.util.stream.ReferencePipeline.findFirst(ReferencePipeline.java:647)
at org.openqa.selenium.remote.ProtocolHandshake.createSession(ProtocolHandshake.java:128)
at org.openqa.selenium.remote.ProtocolHandshake.createSession(ProtocolHandshake.java:74)
at org.openqa.selenium.remote.HttpCommandExecutor.execute(HttpCommandExecutor.java:136)
at org.openqa.selenium.remote.service.DriverCommandExecutor.execute(DriverCommandExecutor.java:83)
at org.openqa.selenium.remote.RemoteWebDriver.execute(RemoteWebDriver.java:552)
at org.openqa.selenium.remote.RemoteWebDriver.startSession(RemoteWebDriver.java:213)
at org.openqa.selenium.remote.RemoteWebDriver.<init>(RemoteWebDriver.java:131)
at org.openqa.selenium.chrome.ChromeDriver.<init>(ChromeDriver.java:181)
at org.openqa.selenium.chrome.ChromeDriver.<init>(ChromeDriver.java:168)
at org.openqa.selenium.chrome.ChromeDriver.<init>(ChromeDriver.java:123)
at com.practice.TestProjektBonusBerechnung.TestBonusberechnung.setUpTest(TestBonusberechnung.java:40)
at java.base/jdk.internal.reflect.NativeMethodAccessorImpl.invoke0(Native Method)
at java.base/jdk.internal.reflect.NativeMethodAccessorImpl.invoke(NativeMethodAccessorImpl.java:78)
at java.base/jdk.internal.reflect.DelegatingMethodAccessorImpl.invoke(DelegatingMethodAccessorImpl.java:43)
at java.base/java.lang.reflect.Method.invoke(Method.java:567)
at org.testng.internal.MethodInvocationHelper.invokeMethod(MethodInvocationHelper.java:124)
at org.testng.internal.MethodInvocationHelper.invokeMethodConsideringTimeout(MethodInvocationHelper.java:59)
at org.testng.internal.Invoker.invokeConfigurationMethod(Invoker.java:458)
at org.testng.internal.Invoker.invokeConfigurations(Invoker.java:222)
at org.testng.internal.Invoker.invokeConfigurations(Invoker.java:142)
at org.testng.TestRunner.beforeRun(TestRunner.java:529)
at org.testng.TestRunner.run(TestRunner.java:497)
at org.testng.SuiteRunner.runTest(SuiteRunner.java:455)
at org.testng.SuiteRunner.runSequentially(SuiteRunner.java:450)
at org.testng.SuiteRunner.privateRun(SuiteRunner.java:415)
at org.testng.SuiteRunner.run(SuiteRunner.java:364)
at org.testng.SuiteRunnerWorker.runSuite(SuiteRunnerWorker.java:52)
at org.testng.SuiteRunnerWorker.run(SuiteRunnerWorker.java:84)
at org.testng.TestNG.runSuitesSequentially(TestNG.java:1208)
at org.testng.TestNG.runSuitesLocally(TestNG.java:1137)
at org.testng.TestNG.runSuites(TestNG.java:1049)
at org.testng.TestNG.run(TestNG.java:1017)
at org.apache.maven.surefire.testng.TestNGExecutor.run(TestNGExecutor.java:284)
at org.apache.maven.surefire.testng.TestNGXmlTestSuite.execute(TestNGXmlTestSuite.java:75)
at org.apache.maven.surefire.testng.TestNGProvider.invoke(TestNGProvider.java:119)
at org.apache.maven.surefire.booter.ForkedBooter.runSuitesInProcess(ForkedBooter.java:428)
at org.apache.maven.surefire.booter.ForkedBooter.execute(ForkedBooter.java:162)
at org.apache.maven.surefire.booter.ForkedBooter.run(ForkedBooter.java:562)
at org.apache.maven.surefire.booter.ForkedBooter.main(ForkedBooter.java:548)
]]>
    </error>
  </testcase> <!-- setUpTest -->
  <testcase classname="com.practice.TestProjektBonusBerechnung.TestBonusberechnung" name="ZugoehrigkeitGrosser15" time="0.000">
    <skipped/>
  </testcase> <!-- ZugoehrigkeitGrosser15 -->
</testsuite> <!-- com.practice.TestProjektBonusBerechnung.TestBonusberechnung -->
